<?xml version="1.0" encoding="UTF-8"?>
<testsuite xmlns:xsi="http://www.w3.org/2001/XMLSchema-instance" xsi:noNamespaceSchemaLocation="https://maven.apache.org/surefire/maven-surefire-plugin/xsd/surefire-test-report.xsd" name="com.graphhopper.reader.gtfs.WrapperGraphTest" time="0.001" tests="1" errors="0" skipped="0" failures="0">
  <properties>
    <property name="sun.desktop" value="windows"/>
    <property name="awt.toolkit" value="sun.awt.windows.WToolkit"/>
    <property name="git.tags" value=""/>
    <property name="file.encoding.pkg" value="sun.io"/>
    <property name="java.specification.version" value="1.8"/>
    <property name="sun.cpu.isalist" value="amd64"/>
    <property name="git.build.version" value="0.13-SNAPSHOT"/>
    <property name="sun.jnu.encoding" value="Cp1252"/>
    <property name="java.class.path" value="C:\Users\danie\graphhopper2\reader-gtfs\target\test-classes;C:\Users\danie\graphhopper2\reader-gtfs\target\classes;C:\Users\danie\graphhopper2\core\target\graphhopper-core-0.13-SNAPSHOT.jar;C:\Users\danie\graphhopper2\api\target\graphhopper-api-0.13-SNAPSHOT.jar;C:\Users\danie\.m2\repository\org\locationtech\jts\jts-core\1.15.1\jts-core-1.15.1.jar;C:\Users\danie\.m2\repository\com\carrotsearch\hppc\0.8.1\hppc-0.8.1.jar;C:\Users\danie\.m2\repository\org\apache\xmlgraphics\xmlgraphics-commons\2.3\xmlgraphics-commons-2.3.jar;C:\Users\danie\graphhopper2\web-api\target\graphhopper-web-api-0.13-SNAPSHOT.jar;C:\Users\danie\.m2\repository\com\fasterxml\jackson\core\jackson-core\2.9.9\jackson-core-2.9.9.jar;C:\Users\danie\.m2\repository\com\fasterxml\jackson\core\jackson-databind\2.9.9\jackson-databind-2.9.9.jar;C:\Users\danie\.m2\repository\com\fasterxml\jackson\core\jackson-annotations\2.9.0\jackson-annotations-2.9.0.jar;C:\Users\danie\.m2\repository\com\graphhopper\external\jackson-datatype-jts\0.12-2.5-1\jackson-datatype-jts-0.12-2.5-1.jar;C:\Users\danie\graphhopper2\reader-osm\target\graphhopper-reader-osm-0.13-SNAPSHOT.jar;C:\Users\danie\.m2\repository\org\openstreetmap\osmosis\osmosis-osm-binary\0.47\osmosis-osm-binary-0.47.jar;C:\Users\danie\.m2\repository\com\google\guava\guava\24.1.1-jre\guava-24.1.1-jre.jar;C:\Users\danie\.m2\repository\com\google\code\findbugs\jsr305\1.3.9\jsr305-1.3.9.jar;C:\Users\danie\.m2\repository\org\checkerframework\checker-compat-qual\2.0.0\checker-compat-qual-2.0.0.jar;C:\Users\danie\.m2\repository\com\google\errorprone\error_prone_annotations\2.1.3\error_prone_annotations-2.1.3.jar;C:\Users\danie\.m2\repository\com\google\j2objc\j2objc-annotations\1.1\j2objc-annotations-1.1.jar;C:\Users\danie\.m2\repository\org\codehaus\mojo\animal-sniffer-annotations\1.14\animal-sniffer-annotations-1.14.jar;C:\Users\danie\.m2\repository\net\sourceforge\javacsv\javacsv\2.0\javacsv-2.0.jar;C:\Users\danie\.m2\repository\commons-io\commons-io\2.4\commons-io-2.4.jar;C:\Users\danie\.m2\repository\org\mapdb\mapdb\1.0.8\mapdb-1.0.8.jar;C:\Users\danie\.m2\repository\org\slf4j\slf4j-api\1.7.26\slf4j-api-1.7.26.jar;C:\Users\danie\.m2\repository\com\google\transit\gtfs-realtime-bindings\0.0.4\gtfs-realtime-bindings-0.0.4.jar;C:\Users\danie\.m2\repository\com\google\protobuf\protobuf-java\2.6.1\protobuf-java-2.6.1.jar;C:\Users\danie\.m2\repository\io\dropwizard\dropwizard-core\1.3.12\dropwizard-core-1.3.12.jar;C:\Users\danie\.m2\repository\io\dropwizard\dropwizard-util\1.3.12\dropwizard-util-1.3.12.jar;C:\Users\danie\.m2\repository\joda-time\joda-time\2.10.1\joda-time-2.10.1.jar;C:\Users\danie\.m2\repository\io\dropwizard\dropwizard-jackson\1.3.12\dropwizard-jackson-1.3.12.jar;C:\Users\danie\.m2\repository\com\fasterxml\jackson\datatype\jackson-datatype-guava\2.9.9\jackson-datatype-guava-2.9.9.jar;C:\Users\danie\.m2\repository\com\fasterxml\jackson\datatype\jackson-datatype-jsr310\2.9.9\jackson-datatype-jsr310-2.9.9.jar;C:\Users\danie\.m2\repository\com\fasterxml\jackson\datatype\jackson-datatype-jdk8\2.9.9\jackson-datatype-jdk8-2.9.9.jar;C:\Users\danie\.m2\repository\com\fasterxml\jackson\module\jackson-module-parameter-names\2.9.9\jackson-module-parameter-names-2.9.9.jar;C:\Users\danie\.m2\repository\com\fasterxml\jackson\module\jackson-module-afterburner\2.9.9\jackson-module-afterburner-2.9.9.jar;C:\Users\danie\.m2\repository\com\fasterxml\jackson\datatype\jackson-datatype-joda\2.9.9\jackson-datatype-joda-2.9.9.jar;C:\Users\danie\.m2\repository\io\dropwizard\dropwizard-validation\1.3.12\dropwizard-validation-1.3.12.jar;C:\Users\danie\.m2\repository\org\hibernate\hibernate-validator\5.4.3.Final\hibernate-validator-5.4.3.Final.jar;C:\Users\danie\.m2\repository\javax\validation\validation-api\1.1.0.Final\validation-api-1.1.0.Final.jar;C:\Users\danie\.m2\repository\org\jboss\logging\jboss-logging\3.3.0.Final\jboss-logging-3.3.0.Final.jar;C:\Users\danie\.m2\repository\com\fasterxml\classmate\1.3.1\classmate-1.3.1.jar;C:\Users\danie\.m2\repository\org\glassfish\javax.el\3.0.0\javax.el-3.0.0.jar;C:\Users\danie\.m2\repository\org\javassist\javassist\3.24.1-GA\javassist-3.24.1-GA.jar;C:\Users\danie\.m2\repository\io\dropwizard\dropwizard-configuration\1.3.12\dropwizard-configuration-1.3.12.jar;C:\Users\danie\.m2\repository\com\fasterxml\jackson\dataformat\jackson-dataformat-yaml\2.9.9\jackson-dataformat-yaml-2.9.9.jar;C:\Users\danie\.m2\repository\org\yaml\snakeyaml\1.23\snakeyaml-1.23.jar;C:\Users\danie\.m2\repository\org\apache\commons\commons-lang3\3.8.1\commons-lang3-3.8.1.jar;C:\Users\danie\.m2\repository\org\apache\commons\commons-text\1.2\commons-text-1.2.jar;C:\Users\danie\.m2\repository\io\dropwizard\dropwizard-logging\1.3.12\dropwizard-logging-1.3.12.jar;C:\Users\danie\.m2\repository\io\dropwizard\metrics\metrics-logback\4.0.5\metrics-logback-4.0.5.jar;C:\Users\danie\.m2\repository\org\slf4j\jul-to-slf4j\1.7.26\jul-to-slf4j-1.7.26.jar;C:\Users\danie\.m2\repository\ch\qos\logback\logback-core\1.2.3\logback-core-1.2.3.jar;C:\Users\danie\.m2\repository\ch\qos\logback\logback-classic\1.2.3\logback-classic-1.2.3.jar;C:\Users\danie\.m2\repository\org\slf4j\log4j-over-slf4j\1.7.26\log4j-over-slf4j-1.7.26.jar;C:\Users\danie\.m2\repository\org\slf4j\jcl-over-slf4j\1.7.26\jcl-over-slf4j-1.7.26.jar;C:\Users\danie\.m2\repository\org\eclipse\jetty\jetty-util\9.4.18.v20190429\jetty-util-9.4.18.v20190429.jar;C:\Users\danie\.m2\repository\io\dropwizard\dropwizard-metrics\1.3.12\dropwizard-metrics-1.3.12.jar;C:\Users\danie\.m2\repository\io\dropwizard\dropwizard-jersey\1.3.12\dropwizard-jersey-1.3.12.jar;C:\Users\danie\.m2\repository\org\glassfish\jersey\core\jersey-server\2.25.1\jersey-server-2.25.1.jar;C:\Users\danie\.m2\repository\org\glassfish\jersey\media\jersey-media-jaxb\2.25.1\jersey-media-jaxb-2.25.1.jar;C:\Users\danie\.m2\repository\javax\annotation\javax.annotation-api\1.2\javax.annotation-api-1.2.jar;C:\Users\danie\.m2\repository\org\glassfish\jersey\ext\jersey-metainf-services\2.25.1\jersey-metainf-services-2.25.1.jar;C:\Users\danie\.m2\repository\org\glassfish\jersey\ext\jersey-bean-validation\2.25.1\jersey-bean-validation-2.25.1.jar;C:\Users\danie\.m2\repository\io\dropwizard\metrics\metrics-jersey2\4.0.5\metrics-jersey2-4.0.5.jar;C:\Users\danie\.m2\repository\com\fasterxml\jackson\jaxrs\jackson-jaxrs-json-provider\2.9.9\jackson-jaxrs-json-provider-2.9.9.jar;C:\Users\danie\.m2\repository\com\fasterxml\jackson\jaxrs\jackson-jaxrs-base\2.9.9\jackson-jaxrs-base-2.9.9.jar;C:\Users\danie\.m2\repository\com\fasterxml\jackson\module\jackson-module-jaxb-annotations\2.9.9\jackson-module-jaxb-annotations-2.9.9.jar;C:\Users\danie\.m2\repository\org\glassfish\jersey\containers\jersey-container-servlet\2.25.1\jersey-container-servlet-2.25.1.jar;C:\Users\danie\.m2\repository\org\glassfish\jersey\containers\jersey-container-servlet-core\2.25.1\jersey-container-servlet-core-2.25.1.jar;C:\Users\danie\.m2\repository\org\eclipse\jetty\jetty-server\9.4.18.v20190429\jetty-server-9.4.18.v20190429.jar;C:\Users\danie\.m2\repository\javax\servlet\javax.servlet-api\3.1.0\javax.servlet-api-3.1.0.jar;C:\Users\danie\.m2\repository\org\eclipse\jetty\jetty-io\9.4.18.v20190429\jetty-io-9.4.18.v20190429.jar;C:\Users\danie\.m2\repository\org\eclipse\jetty\jetty-webapp\9.4.18.v20190429\jetty-webapp-9.4.18.v20190429.jar;C:\Users\danie\.m2\repository\org\eclipse\jetty\jetty-xml\9.4.18.v20190429\jetty-xml-9.4.18.v20190429.jar;C:\Users\danie\.m2\repository\org\eclipse\jetty\jetty-continuation\9.4.18.v20190429\jetty-continuation-9.4.18.v20190429.jar;C:\Users\danie\.m2\repository\io\dropwizard\dropwizard-servlets\1.3.12\dropwizard-servlets-1.3.12.jar;C:\Users\danie\.m2\repository\io\dropwizard\metrics\metrics-annotation\4.0.5\metrics-annotation-4.0.5.jar;C:\Users\danie\.m2\repository\io\dropwizard\dropwizard-jetty\1.3.12\dropwizard-jetty-1.3.12.jar;C:\Users\danie\.m2\repository\io\dropwizard\metrics\metrics-jetty9\4.0.5\metrics-jetty9-4.0.5.jar;C:\Users\danie\.m2\repository\org\eclipse\jetty\jetty-servlet\9.4.18.v20190429\jetty-servlet-9.4.18.v20190429.jar;C:\Users\danie\.m2\repository\org\eclipse\jetty\jetty-security\9.4.18.v20190429\jetty-security-9.4.18.v20190429.jar;C:\Users\danie\.m2\repository\org\eclipse\jetty\jetty-servlets\9.4.18.v20190429\jetty-servlets-9.4.18.v20190429.jar;C:\Users\danie\.m2\repository\org\eclipse\jetty\jetty-http\9.4.18.v20190429\jetty-http-9.4.18.v20190429.jar;C:\Users\danie\.m2\repository\io\dropwizard\dropwizard-lifecycle\1.3.12\dropwizard-lifecycle-1.3.12.jar;C:\Users\danie\.m2\repository\io\dropwizard\metrics\metrics-core\4.0.5\metrics-core-4.0.5.jar;C:\Users\danie\.m2\repository\io\dropwizard\metrics\metrics-jvm\4.0.5\metrics-jvm-4.0.5.jar;C:\Users\danie\.m2\repository\io\dropwizard\metrics\metrics-jmx\4.0.5\metrics-jmx-4.0.5.jar;C:\Users\danie\.m2\repository\io\dropwizard\metrics\metrics-servlets\4.0.5\metrics-servlets-4.0.5.jar;C:\Users\danie\.m2\repository\io\dropwizard\metrics\metrics-json\4.0.5\metrics-json-4.0.5.jar;C:\Users\danie\.m2\repository\com\papertrail\profiler\1.0.2\profiler-1.0.2.jar;C:\Users\danie\.m2\repository\io\dropwizard\metrics\metrics-healthchecks\4.0.5\metrics-healthchecks-4.0.5.jar;C:\Users\danie\.m2\repository\io\dropwizard\dropwizard-request-logging\1.3.12\dropwizard-request-logging-1.3.12.jar;C:\Users\danie\.m2\repository\ch\qos\logback\logback-access\1.2.3\logback-access-1.2.3.jar;C:\Users\danie\.m2\repository\net\sourceforge\argparse4j\argparse4j\0.8.1\argparse4j-0.8.1.jar;C:\Users\danie\.m2\repository\org\eclipse\jetty\toolchain\setuid\jetty-setuid-java\1.0.3\jetty-setuid-java-1.0.3.jar;C:\Users\danie\.m2\repository\io\dropwizard\dropwizard-client\1.3.12\dropwizard-client-1.3.12.jar;C:\Users\danie\.m2\repository\org\glassfish\jersey\core\jersey-client\2.25.1\jersey-client-2.25.1.jar;C:\Users\danie\.m2\repository\javax\ws\rs\javax.ws.rs-api\2.0.1\javax.ws.rs-api-2.0.1.jar;C:\Users\danie\.m2\repository\org\glassfish\jersey\core\jersey-common\2.25.1\jersey-common-2.25.1.jar;C:\Users\danie\.m2\repository\org\glassfish\jersey\bundles\repackaged\jersey-guava\2.25.1\jersey-guava-2.25.1.jar;C:\Users\danie\.m2\repository\org\glassfish\hk2\osgi-resource-locator\1.0.1\osgi-resource-locator-1.0.1.jar;C:\Users\danie\.m2\repository\org\glassfish\hk2\hk2-api\2.5.0-b32\hk2-api-2.5.0-b32.jar;C:\Users\danie\.m2\repository\org\glassfish\hk2\hk2-utils\2.5.0-b32\hk2-utils-2.5.0-b32.jar;C:\Users\danie\.m2\repository\org\glassfish\hk2\external\aopalliance-repackaged\2.5.0-b32\aopalliance-repackaged-2.5.0-b32.jar;C:\Users\danie\.m2\repository\org\glassfish\hk2\external\javax.inject\2.5.0-b32\javax.inject-2.5.0-b32.jar;C:\Users\danie\.m2\repository\org\glassfish\hk2\hk2-locator\2.5.0-b32\hk2-locator-2.5.0-b32.jar;C:\Users\danie\.m2\repository\org\glassfish\jersey\ext\rx\jersey-rx-client\2.25.1\jersey-rx-client-2.25.1.jar;C:\Users\danie\.m2\repository\org\apache\httpcomponents\httpclient\4.5.7\httpclient-4.5.7.jar;C:\Users\danie\.m2\repository\org\apache\httpcomponents\httpcore\4.4.11\httpcore-4.4.11.jar;C:\Users\danie\.m2\repository\commons-codec\commons-codec\1.11\commons-codec-1.11.jar;C:\Users\danie\.m2\repository\io\dropwizard\metrics\metrics-httpclient\4.0.5\metrics-httpclient-4.0.5.jar;C:\Users\danie\.m2\repository\org\glassfish\jersey\connectors\jersey-apache-connector\2.25.1\jersey-apache-connector-2.25.1.jar;C:\Users\danie\.m2\repository\javax\activation\activation\1.1.1\activation-1.1.1.jar;C:\Users\danie\.m2\repository\javax\xml\bind\jaxb-api\2.3.0\jaxb-api-2.3.0.jar;C:\Users\danie\graphhopper2\core\target\graphhopper-core-0.13-SNAPSHOT-tests.jar;C:\Users\danie\.m2\repository\junit\junit\4.12\junit-4.12.jar;C:\Users\danie\.m2\repository\org\hamcrest\hamcrest-core\1.3\hamcrest-core-1.3.jar;C:\Users\danie\.m2\repository\io\dropwizard\dropwizard-testing\1.3.12\dropwizard-testing-1.3.12.jar;C:\Users\danie\.m2\repository\org\objenesis\objenesis\2.6\objenesis-2.6.jar;C:\Users\danie\.m2\repository\org\glassfish\jersey\test-framework\providers\jersey-test-framework-provider-inmemory\2.25.1\jersey-test-framework-provider-inmemory-2.25.1.jar;C:\Users\danie\.m2\repository\org\glassfish\jersey\test-framework\jersey-test-framework-core\2.25.1\jersey-test-framework-core-2.25.1.jar;C:\Users\danie\.m2\repository\org\hamcrest\hamcrest-library\1.3\hamcrest-library-1.3.jar;C:\Users\danie\.m2\repository\org\assertj\assertj-core\3.6.2\assertj-core-3.6.2.jar;C:\Users\danie\.m2\repository\org\mockito\mockito-core\2.23.0\mockito-core-2.23.0.jar;C:\Users\danie\.m2\repository\net\bytebuddy\byte-buddy\1.9.0\byte-buddy-1.9.0.jar;C:\Users\danie\.m2\repository\net\bytebuddy\byte-buddy-agent\1.9.0\byte-buddy-agent-1.9.0.jar;"/>
    <property name="git.branch" value="master"/>
    <property name="git.build.host" value="LAPTOP-LUVU5TNA"/>
    <property name="java.vm.vendor" value="Oracle Corporation"/>
    <property name="sun.arch.data.model" value="64"/>
    <property name="user.variant" value=""/>
    <property name="git.commit.id" value="57767a8fa8efe196be10fb7e3d0d7efb301d3ce3"/>
    <property name="java.vendor.url" value="http://java.oracle.com/"/>
    <property name="user.timezone" value="Europe/Berlin"/>
    <property name="os.name" value="Windows 10"/>
    <property name="java.vm.specification.version" value="1.8"/>
    <property name="sun.java.launcher" value="SUN_STANDARD"/>
    <property name="git.build.user.name" value=""/>
    <property name="user.country" value="DE"/>
    <property name="sun.boot.library.path" value="C:\Program Files\Java\jdk1.8.0_212\jre\bin"/>
    <property name="sun.java.command" value="C:\Users\danie\AppData\Local\Temp\surefire1499079017349397813\surefirebooter5541638068983223888.jar C:\Users\danie\AppData\Local\Temp\surefire1499079017349397813 2019-06-19T07-44-37_745-jvmRun1 surefire2699464238812844326tmp surefire_55977859427920293081tmp"/>
    <property name="surefire.test.class.path" value="C:\Users\danie\graphhopper2\reader-gtfs\target\test-classes;C:\Users\danie\graphhopper2\reader-gtfs\target\classes;C:\Users\danie\graphhopper2\core\target\graphhopper-core-0.13-SNAPSHOT.jar;C:\Users\danie\graphhopper2\api\target\graphhopper-api-0.13-SNAPSHOT.jar;C:\Users\danie\.m2\repository\org\locationtech\jts\jts-core\1.15.1\jts-core-1.15.1.jar;C:\Users\danie\.m2\repository\com\carrotsearch\hppc\0.8.1\hppc-0.8.1.jar;C:\Users\danie\.m2\repository\org\apache\xmlgraphics\xmlgraphics-commons\2.3\xmlgraphics-commons-2.3.jar;C:\Users\danie\graphhopper2\web-api\target\graphhopper-web-api-0.13-SNAPSHOT.jar;C:\Users\danie\.m2\repository\com\fasterxml\jackson\core\jackson-core\2.9.9\jackson-core-2.9.9.jar;C:\Users\danie\.m2\repository\com\fasterxml\jackson\core\jackson-databind\2.9.9\jackson-databind-2.9.9.jar;C:\Users\danie\.m2\repository\com\fasterxml\jackson\core\jackson-annotations\2.9.0\jackson-annotations-2.9.0.jar;C:\Users\danie\.m2\repository\com\graphhopper\external\jackson-datatype-jts\0.12-2.5-1\jackson-datatype-jts-0.12-2.5-1.jar;C:\Users\danie\graphhopper2\reader-osm\target\graphhopper-reader-osm-0.13-SNAPSHOT.jar;C:\Users\danie\.m2\repository\org\openstreetmap\osmosis\osmosis-osm-binary\0.47\osmosis-osm-binary-0.47.jar;C:\Users\danie\.m2\repository\com\google\guava\guava\24.1.1-jre\guava-24.1.1-jre.jar;C:\Users\danie\.m2\repository\com\google\code\findbugs\jsr305\1.3.9\jsr305-1.3.9.jar;C:\Users\danie\.m2\repository\org\checkerframework\checker-compat-qual\2.0.0\checker-compat-qual-2.0.0.jar;C:\Users\danie\.m2\repository\com\google\errorprone\error_prone_annotations\2.1.3\error_prone_annotations-2.1.3.jar;C:\Users\danie\.m2\repository\com\google\j2objc\j2objc-annotations\1.1\j2objc-annotations-1.1.jar;C:\Users\danie\.m2\repository\org\codehaus\mojo\animal-sniffer-annotations\1.14\animal-sniffer-annotations-1.14.jar;C:\Users\danie\.m2\repository\net\sourceforge\javacsv\javacsv\2.0\javacsv-2.0.jar;C:\Users\danie\.m2\repository\commons-io\commons-io\2.4\commons-io-2.4.jar;C:\Users\danie\.m2\repository\org\mapdb\mapdb\1.0.8\mapdb-1.0.8.jar;C:\Users\danie\.m2\repository\org\slf4j\slf4j-api\1.7.26\slf4j-api-1.7.26.jar;C:\Users\danie\.m2\repository\com\google\transit\gtfs-realtime-bindings\0.0.4\gtfs-realtime-bindings-0.0.4.jar;C:\Users\danie\.m2\repository\com\google\protobuf\protobuf-java\2.6.1\protobuf-java-2.6.1.jar;C:\Users\danie\.m2\repository\io\dropwizard\dropwizard-core\1.3.12\dropwizard-core-1.3.12.jar;C:\Users\danie\.m2\repository\io\dropwizard\dropwizard-util\1.3.12\dropwizard-util-1.3.12.jar;C:\Users\danie\.m2\repository\joda-time\joda-time\2.10.1\joda-time-2.10.1.jar;C:\Users\danie\.m2\repository\io\dropwizard\dropwizard-jackson\1.3.12\dropwizard-jackson-1.3.12.jar;C:\Users\danie\.m2\repository\com\fasterxml\jackson\datatype\jackson-datatype-guava\2.9.9\jackson-datatype-guava-2.9.9.jar;C:\Users\danie\.m2\repository\com\fasterxml\jackson\datatype\jackson-datatype-jsr310\2.9.9\jackson-datatype-jsr310-2.9.9.jar;C:\Users\danie\.m2\repository\com\fasterxml\jackson\datatype\jackson-datatype-jdk8\2.9.9\jackson-datatype-jdk8-2.9.9.jar;C:\Users\danie\.m2\repository\com\fasterxml\jackson\module\jackson-module-parameter-names\2.9.9\jackson-module-parameter-names-2.9.9.jar;C:\Users\danie\.m2\repository\com\fasterxml\jackson\module\jackson-module-afterburner\2.9.9\jackson-module-afterburner-2.9.9.jar;C:\Users\danie\.m2\repository\com\fasterxml\jackson\datatype\jackson-datatype-joda\2.9.9\jackson-datatype-joda-2.9.9.jar;C:\Users\danie\.m2\repository\io\dropwizard\dropwizard-validation\1.3.12\dropwizard-validation-1.3.12.jar;C:\Users\danie\.m2\repository\org\hibernate\hibernate-validator\5.4.3.Final\hibernate-validator-5.4.3.Final.jar;C:\Users\danie\.m2\repository\javax\validation\validation-api\1.1.0.Final\validation-api-1.1.0.Final.jar;C:\Users\danie\.m2\repository\org\jboss\logging\jboss-logging\3.3.0.Final\jboss-logging-3.3.0.Final.jar;C:\Users\danie\.m2\repository\com\fasterxml\classmate\1.3.1\classmate-1.3.1.jar;C:\Users\danie\.m2\repository\org\glassfish\javax.el\3.0.0\javax.el-3.0.0.jar;C:\Users\danie\.m2\repository\org\javassist\javassist\3.24.1-GA\javassist-3.24.1-GA.jar;C:\Users\danie\.m2\repository\io\dropwizard\dropwizard-configuration\1.3.12\dropwizard-configuration-1.3.12.jar;C:\Users\danie\.m2\repository\com\fasterxml\jackson\dataformat\jackson-dataformat-yaml\2.9.9\jackson-dataformat-yaml-2.9.9.jar;C:\Users\danie\.m2\repository\org\yaml\snakeyaml\1.23\snakeyaml-1.23.jar;C:\Users\danie\.m2\repository\org\apache\commons\commons-lang3\3.8.1\commons-lang3-3.8.1.jar;C:\Users\danie\.m2\repository\org\apache\commons\commons-text\1.2\commons-text-1.2.jar;C:\Users\danie\.m2\repository\io\dropwizard\dropwizard-logging\1.3.12\dropwizard-logging-1.3.12.jar;C:\Users\danie\.m2\repository\io\dropwizard\metrics\metrics-logback\4.0.5\metrics-logback-4.0.5.jar;C:\Users\danie\.m2\repository\org\slf4j\jul-to-slf4j\1.7.26\jul-to-slf4j-1.7.26.jar;C:\Users\danie\.m2\repository\ch\qos\logback\logback-core\1.2.3\logback-core-1.2.3.jar;C:\Users\danie\.m2\repository\ch\qos\logback\logback-classic\1.2.3\logback-classic-1.2.3.jar;C:\Users\danie\.m2\repository\org\slf4j\log4j-over-slf4j\1.7.26\log4j-over-slf4j-1.7.26.jar;C:\Users\danie\.m2\repository\org\slf4j\jcl-over-slf4j\1.7.26\jcl-over-slf4j-1.7.26.jar;C:\Users\danie\.m2\repository\org\eclipse\jetty\jetty-util\9.4.18.v20190429\jetty-util-9.4.18.v20190429.jar;C:\Users\danie\.m2\repository\io\dropwizard\dropwizard-metrics\1.3.12\dropwizard-metrics-1.3.12.jar;C:\Users\danie\.m2\repository\io\dropwizard\dropwizard-jersey\1.3.12\dropwizard-jersey-1.3.12.jar;C:\Users\danie\.m2\repository\org\glassfish\jersey\core\jersey-server\2.25.1\jersey-server-2.25.1.jar;C:\Users\danie\.m2\repository\org\glassfish\jersey\media\jersey-media-jaxb\2.25.1\jersey-media-jaxb-2.25.1.jar;C:\Users\danie\.m2\repository\javax\annotation\javax.annotation-api\1.2\javax.annotation-api-1.2.jar;C:\Users\danie\.m2\repository\org\glassfish\jersey\ext\jersey-metainf-services\2.25.1\jersey-metainf-services-2.25.1.jar;C:\Users\danie\.m2\repository\org\glassfish\jersey\ext\jersey-bean-validation\2.25.1\jersey-bean-validation-2.25.1.jar;C:\Users\danie\.m2\repository\io\dropwizard\metrics\metrics-jersey2\4.0.5\metrics-jersey2-4.0.5.jar;C:\Users\danie\.m2\repository\com\fasterxml\jackson\jaxrs\jackson-jaxrs-json-provider\2.9.9\jackson-jaxrs-json-provider-2.9.9.jar;C:\Users\danie\.m2\repository\com\fasterxml\jackson\jaxrs\jackson-jaxrs-base\2.9.9\jackson-jaxrs-base-2.9.9.jar;C:\Users\danie\.m2\repository\com\fasterxml\jackson\module\jackson-module-jaxb-annotations\2.9.9\jackson-module-jaxb-annotations-2.9.9.jar;C:\Users\danie\.m2\repository\org\glassfish\jersey\containers\jersey-container-servlet\2.25.1\jersey-container-servlet-2.25.1.jar;C:\Users\danie\.m2\repository\org\glassfish\jersey\containers\jersey-container-servlet-core\2.25.1\jersey-container-servlet-core-2.25.1.jar;C:\Users\danie\.m2\repository\org\eclipse\jetty\jetty-server\9.4.18.v20190429\jetty-server-9.4.18.v20190429.jar;C:\Users\danie\.m2\repository\javax\servlet\javax.servlet-api\3.1.0\javax.servlet-api-3.1.0.jar;C:\Users\danie\.m2\repository\org\eclipse\jetty\jetty-io\9.4.18.v20190429\jetty-io-9.4.18.v20190429.jar;C:\Users\danie\.m2\repository\org\eclipse\jetty\jetty-webapp\9.4.18.v20190429\jetty-webapp-9.4.18.v20190429.jar;C:\Users\danie\.m2\repository\org\eclipse\jetty\jetty-xml\9.4.18.v20190429\jetty-xml-9.4.18.v20190429.jar;C:\Users\danie\.m2\repository\org\eclipse\jetty\jetty-continuation\9.4.18.v20190429\jetty-continuation-9.4.18.v20190429.jar;C:\Users\danie\.m2\repository\io\dropwizard\dropwizard-servlets\1.3.12\dropwizard-servlets-1.3.12.jar;C:\Users\danie\.m2\repository\io\dropwizard\metrics\metrics-annotation\4.0.5\metrics-annotation-4.0.5.jar;C:\Users\danie\.m2\repository\io\dropwizard\dropwizard-jetty\1.3.12\dropwizard-jetty-1.3.12.jar;C:\Users\danie\.m2\repository\io\dropwizard\metrics\metrics-jetty9\4.0.5\metrics-jetty9-4.0.5.jar;C:\Users\danie\.m2\repository\org\eclipse\jetty\jetty-servlet\9.4.18.v20190429\jetty-servlet-9.4.18.v20190429.jar;C:\Users\danie\.m2\repository\org\eclipse\jetty\jetty-security\9.4.18.v20190429\jetty-security-9.4.18.v20190429.jar;C:\Users\danie\.m2\repository\org\eclipse\jetty\jetty-servlets\9.4.18.v20190429\jetty-servlets-9.4.18.v20190429.jar;C:\Users\danie\.m2\repository\org\eclipse\jetty\jetty-http\9.4.18.v20190429\jetty-http-9.4.18.v20190429.jar;C:\Users\danie\.m2\repository\io\dropwizard\dropwizard-lifecycle\1.3.12\dropwizard-lifecycle-1.3.12.jar;C:\Users\danie\.m2\repository\io\dropwizard\metrics\metrics-core\4.0.5\metrics-core-4.0.5.jar;C:\Users\danie\.m2\repository\io\dropwizard\metrics\metrics-jvm\4.0.5\metrics-jvm-4.0.5.jar;C:\Users\danie\.m2\repository\io\dropwizard\metrics\metrics-jmx\4.0.5\metrics-jmx-4.0.5.jar;C:\Users\danie\.m2\repository\io\dropwizard\metrics\metrics-servlets\4.0.5\metrics-servlets-4.0.5.jar;C:\Users\danie\.m2\repository\io\dropwizard\metrics\metrics-json\4.0.5\metrics-json-4.0.5.jar;C:\Users\danie\.m2\repository\com\papertrail\profiler\1.0.2\profiler-1.0.2.jar;C:\Users\danie\.m2\repository\io\dropwizard\metrics\metrics-healthchecks\4.0.5\metrics-healthchecks-4.0.5.jar;C:\Users\danie\.m2\repository\io\dropwizard\dropwizard-request-logging\1.3.12\dropwizard-request-logging-1.3.12.jar;C:\Users\danie\.m2\repository\ch\qos\logback\logback-access\1.2.3\logback-access-1.2.3.jar;C:\Users\danie\.m2\repository\net\sourceforge\argparse4j\argparse4j\0.8.1\argparse4j-0.8.1.jar;C:\Users\danie\.m2\repository\org\eclipse\jetty\toolchain\setuid\jetty-setuid-java\1.0.3\jetty-setuid-java-1.0.3.jar;C:\Users\danie\.m2\repository\io\dropwizard\dropwizard-client\1.3.12\dropwizard-client-1.3.12.jar;C:\Users\danie\.m2\repository\org\glassfish\jersey\core\jersey-client\2.25.1\jersey-client-2.25.1.jar;C:\Users\danie\.m2\repository\javax\ws\rs\javax.ws.rs-api\2.0.1\javax.ws.rs-api-2.0.1.jar;C:\Users\danie\.m2\repository\org\glassfish\jersey\core\jersey-common\2.25.1\jersey-common-2.25.1.jar;C:\Users\danie\.m2\repository\org\glassfish\jersey\bundles\repackaged\jersey-guava\2.25.1\jersey-guava-2.25.1.jar;C:\Users\danie\.m2\repository\org\glassfish\hk2\osgi-resource-locator\1.0.1\osgi-resource-locator-1.0.1.jar;C:\Users\danie\.m2\repository\org\glassfish\hk2\hk2-api\2.5.0-b32\hk2-api-2.5.0-b32.jar;C:\Users\danie\.m2\repository\org\glassfish\hk2\hk2-utils\2.5.0-b32\hk2-utils-2.5.0-b32.jar;C:\Users\danie\.m2\repository\org\glassfish\hk2\external\aopalliance-repackaged\2.5.0-b32\aopalliance-repackaged-2.5.0-b32.jar;C:\Users\danie\.m2\repository\org\glassfish\hk2\external\javax.inject\2.5.0-b32\javax.inject-2.5.0-b32.jar;C:\Users\danie\.m2\repository\org\glassfish\hk2\hk2-locator\2.5.0-b32\hk2-locator-2.5.0-b32.jar;C:\Users\danie\.m2\repository\org\glassfish\jersey\ext\rx\jersey-rx-client\2.25.1\jersey-rx-client-2.25.1.jar;C:\Users\danie\.m2\repository\org\apache\httpcomponents\httpclient\4.5.7\httpclient-4.5.7.jar;C:\Users\danie\.m2\repository\org\apache\httpcomponents\httpcore\4.4.11\httpcore-4.4.11.jar;C:\Users\danie\.m2\repository\commons-codec\commons-codec\1.11\commons-codec-1.11.jar;C:\Users\danie\.m2\repository\io\dropwizard\metrics\metrics-httpclient\4.0.5\metrics-httpclient-4.0.5.jar;C:\Users\danie\.m2\repository\org\glassfish\jersey\connectors\jersey-apache-connector\2.25.1\jersey-apache-connector-2.25.1.jar;C:\Users\danie\.m2\repository\javax\activation\activation\1.1.1\activation-1.1.1.jar;C:\Users\danie\.m2\repository\javax\xml\bind\jaxb-api\2.3.0\jaxb-api-2.3.0.jar;C:\Users\danie\graphhopper2\core\target\graphhopper-core-0.13-SNAPSHOT-tests.jar;C:\Users\danie\.m2\repository\junit\junit\4.12\junit-4.12.jar;C:\Users\danie\.m2\repository\org\hamcrest\hamcrest-core\1.3\hamcrest-core-1.3.jar;C:\Users\danie\.m2\repository\io\dropwizard\dropwizard-testing\1.3.12\dropwizard-testing-1.3.12.jar;C:\Users\danie\.m2\repository\org\objenesis\objenesis\2.6\objenesis-2.6.jar;C:\Users\danie\.m2\repository\org\glassfish\jersey\test-framework\providers\jersey-test-framework-provider-inmemory\2.25.1\jersey-test-framework-provider-inmemory-2.25.1.jar;C:\Users\danie\.m2\repository\org\glassfish\jersey\test-framework\jersey-test-framework-core\2.25.1\jersey-test-framework-core-2.25.1.jar;C:\Users\danie\.m2\repository\org\hamcrest\hamcrest-library\1.3\hamcrest-library-1.3.jar;C:\Users\danie\.m2\repository\org\assertj\assertj-core\3.6.2\assertj-core-3.6.2.jar;C:\Users\danie\.m2\repository\org\mockito\mockito-core\2.23.0\mockito-core-2.23.0.jar;C:\Users\danie\.m2\repository\net\bytebuddy\byte-buddy\1.9.0\byte-buddy-1.9.0.jar;C:\Users\danie\.m2\repository\net\bytebuddy\byte-buddy-agent\1.9.0\byte-buddy-agent-1.9.0.jar;"/>
    <property name="sun.cpu.endian" value="little"/>
    <property name="user.home" value="C:\Users\danie"/>
    <property name="user.language" value="de"/>
    <property name="git.closest.tag.commit.count" value=""/>
    <property name="java.specification.vendor" value="Oracle Corporation"/>
    <property name="java.home" value="C:\Program Files\Java\jdk1.8.0_212\jre"/>
    <property name="git.total.commit.count" value="3952"/>
    <property name="file.separator" value="\"/>
    <property name="basedir" value="C:\Users\danie\graphhopper2\reader-gtfs"/>
    <property name="line.separator" value="&#10;"/>
    <property name="git.build.user.email" value=""/>
    <property name="java.vm.specification.vendor" value="Oracle Corporation"/>
    <property name="java.specification.name" value="Java Platform API Specification"/>
    <property name="java.awt.graphicsenv" value="sun.awt.Win32GraphicsEnvironment"/>
    <property name="git.closest.tag.name" value=""/>
    <property name="git.local.branch.ahead" value="0"/>
    <property name="git.build.time" value="2019-06-19T07:45:44+0200"/>
    <property name="surefire.real.class.path" value="C:\Users\danie\AppData\Local\Temp\surefire1499079017349397813\surefirebooter5541638068983223888.jar"/>
    <property name="git.commit.message.full" value="Defer Geocoding Requests #1636"/>
    <property name="sun.boot.class.path" value="C:\Program Files\Java\jdk1.8.0_212\jre\lib\resources.jar;C:\Program Files\Java\jdk1.8.0_212\jre\lib\rt.jar;C:\Program Files\Java\jdk1.8.0_212\jre\lib\sunrsasign.jar;C:\Program Files\Java\jdk1.8.0_212\jre\lib\jsse.jar;C:\Program Files\Java\jdk1.8.0_212\jre\lib\jce.jar;C:\Program Files\Java\jdk1.8.0_212\jre\lib\charsets.jar;C:\Program Files\Java\jdk1.8.0_212\jre\lib\jfr.jar;C:\Program Files\Java\jdk1.8.0_212\jre\classes"/>
    <property name="user.script" value=""/>
    <property name="sun.management.compiler" value="HotSpot 64-Bit Tiered Compilers"/>
    <property name="java.runtime.version" value="1.8.0_212-b10"/>
    <property name="user.name" value="danie"/>
    <property name="path.separator" value=";"/>
    <property name="os.version" value="10.0"/>
    <property name="java.endorsed.dirs" value="C:\Program Files\Java\jdk1.8.0_212\jre\lib\endorsed"/>
    <property name="java.runtime.name" value="Java(TM) SE Runtime Environment"/>
    <property name="file.encoding" value="Cp1252"/>
    <property name="git.commit.user.email" value="boldtrn@gmail.com"/>
    <property name="java.vm.name" value="Java HotSpot(TM) 64-Bit Server VM"/>
    <property name="git.local.branch.behind" value="0"/>
    <property name="git.dirty" value="false"/>
    <property name="localRepository" value="C:\Users\danie\.m2\repository"/>
    <property name="java.vendor.url.bug" value="http://bugreport.sun.com/bugreport/"/>
    <property name="java.io.tmpdir" value="C:\Users\danie\AppData\Local\Temp\"/>
    <property name="java.version" value="1.8.0_212"/>
    <property name="user.dir" value="C:\Users\danie\graphhopper2\reader-gtfs"/>
    <property name="os.arch" value="amd64"/>
    <property name="git.commit.user.name" value="Robin"/>
    <property name="git.commit.id.abbrev" value="57767a8"/>
    <property name="java.vm.specification.name" value="Java Virtual Machine Specification"/>
    <property name="java.awt.printerjob" value="sun.awt.windows.WPrinterJob"/>
    <property name="git.commit.id.describe-short" value="57767a8"/>
    <property name="sun.os.patch.level" value=""/>
    <property name="git.commit.id.describe" value="57767a8"/>
    <property name="git.commit.message.short" value="Defer Geocoding Requests #1636"/>
    <property name="java.library.path" value="C:\Program Files\Java\jdk1.8.0_212\jre\bin;C:\windows\Sun\Java\bin;C:\windows\system32;C:\windows;C:\Program Files (x86)\Common Files\Oracle\Java\javapath;C:\windows\system32;C:\windows;C:\windows\System32\Wbem;C:\windows\System32\WindowsPowerShell\v1.0\;C:\windows\System32\OpenSSH\;C:\Program Files (x86)\NVIDIA Corporation\PhysX\Common;C:\Program Files\Git\cmd;%JAVA_HOME&amp;\bin;C:\Program Files\Java\apache-maven-3.6.1\bin;C:\Users\danie\AppData\Local\Microsoft\WindowsApps;C:\Program Files\Java\jdk1.8.0_212\bin;C:\Program Files\Java\apache-maven-3.6.1\bin;;C:\Program Files\JetBrains\IntelliJ IDEA Community Edition 2019.1.3\bin;;."/>
    <property name="java.vendor" value="Oracle Corporation"/>
    <property name="java.vm.info" value="mixed mode"/>
    <property name="java.vm.version" value="25.212-b10"/>
    <property name="sun.io.unicode.encoding" value="UnicodeLittle"/>
    <property name="java.ext.dirs" value="C:\Program Files\Java\jdk1.8.0_212\jre\lib\ext;C:\windows\Sun\Java\lib\ext"/>
    <property name="java.class.version" value="52.0"/>
    <property name="git.commit.time" value="2019-06-18T21:44:38+0200"/>
    <property name="git.remote.origin.url" value="https://github.com/graphhopper/graphhopper.git"/>
  </properties>
  <testcase name="testEternalOffByOneError" classname="com.graphhopper.reader.gtfs.WrapperGraphTest" time="0"/>
</testsuite>